2025-11-26T21:16:32 | touched: LICENSE
2025-04-18T17:16:30 | touched: src/lib.rs
2025-09-13T05:51:03 | touched: src/main.rs
2025-09-21T06:50:15 | touched: LICENSE
2025-03-12T15:57:09 | touched: src/main.rs
2025-11-22T03:55:19 | touched: README.md
2025-11-29T15:46:59 | touched: LICENSE
2025-11-30T17:40:44 | touched: .Logs
2025-08-09T16:02:06 | touched: LICENSE
2025-04-23T16:55:32 | touched: .Logs
2025-03-17T03:42:53 | touched: README.md
2025-06-05T09:05:49 | touched: .Logs
2025-06-23T16:40:17 | touched: LICENSE
2025-11-10T03:06:13 | touched: Cargo.toml
2025-03-16T18:07:27 | touched: LICENSE
2025-01-30T23:34:37 | touched: README.md
2025-09-09T09:20:38 | touched: LICENSE
2025-08-12T05:31:35 | touched: src/lib.rs
2025-10-04T22:38:34 | touched: README.md
2025-10-28T19:14:46 | touched: src/lib.rs
2025-11-16T00:45:57 | touched: .Logs
2025-12-02T13:57:13 | touched: src/lib.rs
